GAS LISTING C:\Users\Bazza\AppData\Local\Temp/cc6K9p5D.s 			page 1


   1               		.file	"font.c"
   2               	__SREG__ = 0x3f
   3               	__SP_H__ = 0x3e
   4               	__SP_L__ = 0x3d
   5               	__CCP__  = 0x34
   6               	__tmp_reg__ = 0
   7               	__zero_reg__ = 1
   8               		.section	.debug_abbrev,"",@progbits
   9               	.Ldebug_abbrev0:
  10               		.section	.debug_info,"",@progbits
  11               	.Ldebug_info0:
  12               		.section	.debug_line,"",@progbits
  13               	.Ldebug_line0:
  14               		.text
  15               	.Ltext0:
  16               	.global	font5x7
  17               		.section	.progmem.data,"a",@progbits
  18               		.type	font5x7, @object
  19               		.size	font5x7, 475
  20               	font5x7:
  21 0000 00        		.byte	0
  22 0001 00        		.byte	0
  23 0002 00        		.byte	0
  24 0003 00        		.byte	0
  25 0004 00        		.byte	0
  26 0005 00        		.byte	0
  27 0006 00        		.byte	0
  28 0007 5F        		.byte	95
  29 0008 00        		.byte	0
  30 0009 00        		.byte	0
  31 000a 00        		.byte	0
  32 000b 03        		.byte	3
  33 000c 00        		.byte	0
  34 000d 03        		.byte	3
  35 000e 00        		.byte	0
  36 000f 14        		.byte	20
  37 0010 3E        		.byte	62
  38 0011 14        		.byte	20
  39 0012 3E        		.byte	62
  40 0013 14        		.byte	20
  41 0014 24        		.byte	36
  42 0015 2A        		.byte	42
  43 0016 7F        		.byte	127
  44 0017 2A        		.byte	42
  45 0018 12        		.byte	18
  46 0019 43        		.byte	67
  47 001a 33        		.byte	51
  48 001b 08        		.byte	8
  49 001c 66        		.byte	102
  50 001d 61        		.byte	97
  51 001e 36        		.byte	54
  52 001f 49        		.byte	73
  53 0020 55        		.byte	85
  54 0021 22        		.byte	34
  55 0022 50        		.byte	80
  56 0023 00        		.byte	0
  57 0024 05        		.byte	5
GAS LISTING C:\Users\Bazza\AppData\Local\Temp/cc6K9p5D.s 			page 2


  58 0025 03        		.byte	3
  59 0026 00        		.byte	0
  60 0027 00        		.byte	0
  61 0028 00        		.byte	0
  62 0029 1C        		.byte	28
  63 002a 22        		.byte	34
  64 002b 41        		.byte	65
  65 002c 00        		.byte	0
  66 002d 00        		.byte	0
  67 002e 41        		.byte	65
  68 002f 22        		.byte	34
  69 0030 1C        		.byte	28
  70 0031 00        		.byte	0
  71 0032 14        		.byte	20
  72 0033 08        		.byte	8
  73 0034 3E        		.byte	62
  74 0035 08        		.byte	8
  75 0036 14        		.byte	20
  76 0037 08        		.byte	8
  77 0038 08        		.byte	8
  78 0039 3E        		.byte	62
  79 003a 08        		.byte	8
  80 003b 08        		.byte	8
  81 003c 00        		.byte	0
  82 003d 50        		.byte	80
  83 003e 30        		.byte	48
  84 003f 00        		.byte	0
  85 0040 00        		.byte	0
  86 0041 08        		.byte	8
  87 0042 08        		.byte	8
  88 0043 08        		.byte	8
  89 0044 08        		.byte	8
  90 0045 08        		.byte	8
  91 0046 00        		.byte	0
  92 0047 60        		.byte	96
  93 0048 60        		.byte	96
  94 0049 00        		.byte	0
  95 004a 00        		.byte	0
  96 004b 20        		.byte	32
  97 004c 10        		.byte	16
  98 004d 08        		.byte	8
  99 004e 04        		.byte	4
 100 004f 02        		.byte	2
 101 0050 3E        		.byte	62
 102 0051 51        		.byte	81
 103 0052 49        		.byte	73
 104 0053 45        		.byte	69
 105 0054 3E        		.byte	62
 106 0055 00        		.byte	0
 107 0056 04        		.byte	4
 108 0057 02        		.byte	2
 109 0058 7F        		.byte	127
 110 0059 00        		.byte	0
 111 005a 42        		.byte	66
 112 005b 61        		.byte	97
 113 005c 51        		.byte	81
 114 005d 49        		.byte	73
GAS LISTING C:\Users\Bazza\AppData\Local\Temp/cc6K9p5D.s 			page 3


 115 005e 46        		.byte	70
 116 005f 22        		.byte	34
 117 0060 41        		.byte	65
 118 0061 49        		.byte	73
 119 0062 49        		.byte	73
 120 0063 36        		.byte	54
 121 0064 18        		.byte	24
 122 0065 14        		.byte	20
 123 0066 12        		.byte	18
 124 0067 7F        		.byte	127
 125 0068 10        		.byte	16
 126 0069 27        		.byte	39
 127 006a 45        		.byte	69
 128 006b 45        		.byte	69
 129 006c 45        		.byte	69
 130 006d 39        		.byte	57
 131 006e 3E        		.byte	62
 132 006f 49        		.byte	73
 133 0070 49        		.byte	73
 134 0071 49        		.byte	73
 135 0072 32        		.byte	50
 136 0073 01        		.byte	1
 137 0074 01        		.byte	1
 138 0075 71        		.byte	113
 139 0076 09        		.byte	9
 140 0077 07        		.byte	7
 141 0078 36        		.byte	54
 142 0079 49        		.byte	73
 143 007a 49        		.byte	73
 144 007b 49        		.byte	73
 145 007c 36        		.byte	54
 146 007d 26        		.byte	38
 147 007e 49        		.byte	73
 148 007f 49        		.byte	73
 149 0080 49        		.byte	73
 150 0081 3E        		.byte	62
 151 0082 00        		.byte	0
 152 0083 36        		.byte	54
 153 0084 36        		.byte	54
 154 0085 00        		.byte	0
 155 0086 00        		.byte	0
 156 0087 00        		.byte	0
 157 0088 56        		.byte	86
 158 0089 36        		.byte	54
 159 008a 00        		.byte	0
 160 008b 00        		.byte	0
 161 008c 08        		.byte	8
 162 008d 14        		.byte	20
 163 008e 22        		.byte	34
 164 008f 41        		.byte	65
 165 0090 00        		.byte	0
 166 0091 14        		.byte	20
 167 0092 14        		.byte	20
 168 0093 14        		.byte	20
 169 0094 14        		.byte	20
 170 0095 14        		.byte	20
 171 0096 00        		.byte	0
GAS LISTING C:\Users\Bazza\AppData\Local\Temp/cc6K9p5D.s 			page 4


 172 0097 41        		.byte	65
 173 0098 22        		.byte	34
 174 0099 14        		.byte	20
 175 009a 08        		.byte	8
 176 009b 02        		.byte	2
 177 009c 01        		.byte	1
 178 009d 51        		.byte	81
 179 009e 09        		.byte	9
 180 009f 06        		.byte	6
 181 00a0 3E        		.byte	62
 182 00a1 41        		.byte	65
 183 00a2 59        		.byte	89
 184 00a3 55        		.byte	85
 185 00a4 5E        		.byte	94
 186 00a5 7E        		.byte	126
 187 00a6 09        		.byte	9
 188 00a7 09        		.byte	9
 189 00a8 09        		.byte	9
 190 00a9 7E        		.byte	126
 191 00aa 7F        		.byte	127
 192 00ab 49        		.byte	73
 193 00ac 49        		.byte	73
 194 00ad 49        		.byte	73
 195 00ae 36        		.byte	54
 196 00af 3E        		.byte	62
 197 00b0 41        		.byte	65
 198 00b1 41        		.byte	65
 199 00b2 41        		.byte	65
 200 00b3 22        		.byte	34
 201 00b4 7F        		.byte	127
 202 00b5 41        		.byte	65
 203 00b6 41        		.byte	65
 204 00b7 41        		.byte	65
 205 00b8 3E        		.byte	62
 206 00b9 7F        		.byte	127
 207 00ba 49        		.byte	73
 208 00bb 49        		.byte	73
 209 00bc 49        		.byte	73
 210 00bd 41        		.byte	65
 211 00be 7F        		.byte	127
 212 00bf 09        		.byte	9
 213 00c0 09        		.byte	9
 214 00c1 09        		.byte	9
 215 00c2 01        		.byte	1
 216 00c3 3E        		.byte	62
 217 00c4 41        		.byte	65
 218 00c5 41        		.byte	65
 219 00c6 49        		.byte	73
 220 00c7 3A        		.byte	58
 221 00c8 7F        		.byte	127
 222 00c9 08        		.byte	8
 223 00ca 08        		.byte	8
 224 00cb 08        		.byte	8
 225 00cc 7F        		.byte	127
 226 00cd 00        		.byte	0
 227 00ce 41        		.byte	65
 228 00cf 7F        		.byte	127
GAS LISTING C:\Users\Bazza\AppData\Local\Temp/cc6K9p5D.s 			page 5


 229 00d0 41        		.byte	65
 230 00d1 00        		.byte	0
 231 00d2 30        		.byte	48
 232 00d3 40        		.byte	64
 233 00d4 40        		.byte	64
 234 00d5 40        		.byte	64
 235 00d6 3F        		.byte	63
 236 00d7 7F        		.byte	127
 237 00d8 08        		.byte	8
 238 00d9 14        		.byte	20
 239 00da 22        		.byte	34
 240 00db 41        		.byte	65
 241 00dc 7F        		.byte	127
 242 00dd 40        		.byte	64
 243 00de 40        		.byte	64
 244 00df 40        		.byte	64
 245 00e0 40        		.byte	64
 246 00e1 7F        		.byte	127
 247 00e2 02        		.byte	2
 248 00e3 0C        		.byte	12
 249 00e4 02        		.byte	2
 250 00e5 7F        		.byte	127
 251 00e6 7F        		.byte	127
 252 00e7 02        		.byte	2
 253 00e8 04        		.byte	4
 254 00e9 08        		.byte	8
 255 00ea 7F        		.byte	127
 256 00eb 3E        		.byte	62
 257 00ec 41        		.byte	65
 258 00ed 41        		.byte	65
 259 00ee 41        		.byte	65
 260 00ef 3E        		.byte	62
 261 00f0 7F        		.byte	127
 262 00f1 09        		.byte	9
 263 00f2 09        		.byte	9
 264 00f3 09        		.byte	9
 265 00f4 06        		.byte	6
 266 00f5 1E        		.byte	30
 267 00f6 21        		.byte	33
 268 00f7 21        		.byte	33
 269 00f8 21        		.byte	33
 270 00f9 5E        		.byte	94
 271 00fa 7F        		.byte	127
 272 00fb 09        		.byte	9
 273 00fc 09        		.byte	9
 274 00fd 09        		.byte	9
 275 00fe 76        		.byte	118
 276 00ff 26        		.byte	38
 277 0100 49        		.byte	73
 278 0101 49        		.byte	73
 279 0102 49        		.byte	73
 280 0103 32        		.byte	50
 281 0104 01        		.byte	1
 282 0105 01        		.byte	1
 283 0106 7F        		.byte	127
 284 0107 01        		.byte	1
 285 0108 01        		.byte	1
GAS LISTING C:\Users\Bazza\AppData\Local\Temp/cc6K9p5D.s 			page 6


 286 0109 3F        		.byte	63
 287 010a 40        		.byte	64
 288 010b 40        		.byte	64
 289 010c 40        		.byte	64
 290 010d 3F        		.byte	63
 291 010e 1F        		.byte	31
 292 010f 20        		.byte	32
 293 0110 40        		.byte	64
 294 0111 20        		.byte	32
 295 0112 1F        		.byte	31
 296 0113 7F        		.byte	127
 297 0114 20        		.byte	32
 298 0115 10        		.byte	16
 299 0116 20        		.byte	32
 300 0117 7F        		.byte	127
 301 0118 41        		.byte	65
 302 0119 22        		.byte	34
 303 011a 1C        		.byte	28
 304 011b 22        		.byte	34
 305 011c 41        		.byte	65
 306 011d 07        		.byte	7
 307 011e 08        		.byte	8
 308 011f 70        		.byte	112
 309 0120 08        		.byte	8
 310 0121 07        		.byte	7
 311 0122 61        		.byte	97
 312 0123 51        		.byte	81
 313 0124 49        		.byte	73
 314 0125 45        		.byte	69
 315 0126 43        		.byte	67
 316 0127 00        		.byte	0
 317 0128 7F        		.byte	127
 318 0129 41        		.byte	65
 319 012a 00        		.byte	0
 320 012b 00        		.byte	0
 321 012c 02        		.byte	2
 322 012d 04        		.byte	4
 323 012e 08        		.byte	8
 324 012f 10        		.byte	16
 325 0130 20        		.byte	32
 326 0131 00        		.byte	0
 327 0132 00        		.byte	0
 328 0133 41        		.byte	65
 329 0134 7F        		.byte	127
 330 0135 00        		.byte	0
 331 0136 04        		.byte	4
 332 0137 02        		.byte	2
 333 0138 01        		.byte	1
 334 0139 02        		.byte	2
 335 013a 04        		.byte	4
 336 013b 40        		.byte	64
 337 013c 40        		.byte	64
 338 013d 40        		.byte	64
 339 013e 40        		.byte	64
 340 013f 40        		.byte	64
 341 0140 00        		.byte	0
 342 0141 01        		.byte	1
GAS LISTING C:\Users\Bazza\AppData\Local\Temp/cc6K9p5D.s 			page 7


 343 0142 02        		.byte	2
 344 0143 04        		.byte	4
 345 0144 00        		.byte	0
 346 0145 20        		.byte	32
 347 0146 54        		.byte	84
 348 0147 54        		.byte	84
 349 0148 54        		.byte	84
 350 0149 78        		.byte	120
 351 014a 7F        		.byte	127
 352 014b 44        		.byte	68
 353 014c 44        		.byte	68
 354 014d 44        		.byte	68
 355 014e 38        		.byte	56
 356 014f 38        		.byte	56
 357 0150 44        		.byte	68
 358 0151 44        		.byte	68
 359 0152 44        		.byte	68
 360 0153 44        		.byte	68
 361 0154 38        		.byte	56
 362 0155 44        		.byte	68
 363 0156 44        		.byte	68
 364 0157 44        		.byte	68
 365 0158 7F        		.byte	127
 366 0159 38        		.byte	56
 367 015a 54        		.byte	84
 368 015b 54        		.byte	84
 369 015c 54        		.byte	84
 370 015d 18        		.byte	24
 371 015e 04        		.byte	4
 372 015f 04        		.byte	4
 373 0160 7E        		.byte	126
 374 0161 05        		.byte	5
 375 0162 05        		.byte	5
 376 0163 08        		.byte	8
 377 0164 54        		.byte	84
 378 0165 54        		.byte	84
 379 0166 54        		.byte	84
 380 0167 3C        		.byte	60
 381 0168 7F        		.byte	127
 382 0169 08        		.byte	8
 383 016a 04        		.byte	4
 384 016b 04        		.byte	4
 385 016c 78        		.byte	120
 386 016d 00        		.byte	0
 387 016e 44        		.byte	68
 388 016f 7D        		.byte	125
 389 0170 40        		.byte	64
 390 0171 00        		.byte	0
 391 0172 20        		.byte	32
 392 0173 40        		.byte	64
 393 0174 44        		.byte	68
 394 0175 3D        		.byte	61
 395 0176 00        		.byte	0
 396 0177 7F        		.byte	127
 397 0178 10        		.byte	16
 398 0179 28        		.byte	40
 399 017a 44        		.byte	68
GAS LISTING C:\Users\Bazza\AppData\Local\Temp/cc6K9p5D.s 			page 8


 400 017b 00        		.byte	0
 401 017c 00        		.byte	0
 402 017d 41        		.byte	65
 403 017e 7F        		.byte	127
 404 017f 40        		.byte	64
 405 0180 00        		.byte	0
 406 0181 7C        		.byte	124
 407 0182 04        		.byte	4
 408 0183 78        		.byte	120
 409 0184 04        		.byte	4
 410 0185 78        		.byte	120
 411 0186 7C        		.byte	124
 412 0187 08        		.byte	8
 413 0188 04        		.byte	4
 414 0189 04        		.byte	4
 415 018a 78        		.byte	120
 416 018b 38        		.byte	56
 417 018c 44        		.byte	68
 418 018d 44        		.byte	68
 419 018e 44        		.byte	68
 420 018f 38        		.byte	56
 421 0190 7C        		.byte	124
 422 0191 14        		.byte	20
 423 0192 14        		.byte	20
 424 0193 14        		.byte	20
 425 0194 08        		.byte	8
 426 0195 08        		.byte	8
 427 0196 14        		.byte	20
 428 0197 14        		.byte	20
 429 0198 14        		.byte	20
 430 0199 7C        		.byte	124
 431 019a 00        		.byte	0
 432 019b 7C        		.byte	124
 433 019c 08        		.byte	8
 434 019d 04        		.byte	4
 435 019e 04        		.byte	4
 436 019f 48        		.byte	72
 437 01a0 54        		.byte	84
 438 01a1 54        		.byte	84
 439 01a2 54        		.byte	84
 440 01a3 20        		.byte	32
 441 01a4 04        		.byte	4
 442 01a5 04        		.byte	4
 443 01a6 3F        		.byte	63
 444 01a7 44        		.byte	68
 445 01a8 44        		.byte	68
 446 01a9 3C        		.byte	60
 447 01aa 40        		.byte	64
 448 01ab 40        		.byte	64
 449 01ac 20        		.byte	32
 450 01ad 7C        		.byte	124
 451 01ae 1C        		.byte	28
 452 01af 20        		.byte	32
 453 01b0 40        		.byte	64
 454 01b1 20        		.byte	32
 455 01b2 1C        		.byte	28
 456 01b3 3C        		.byte	60
GAS LISTING C:\Users\Bazza\AppData\Local\Temp/cc6K9p5D.s 			page 9


 457 01b4 40        		.byte	64
 458 01b5 30        		.byte	48
 459 01b6 40        		.byte	64
 460 01b7 3C        		.byte	60
 461 01b8 44        		.byte	68
 462 01b9 28        		.byte	40
 463 01ba 10        		.byte	16
 464 01bb 28        		.byte	40
 465 01bc 44        		.byte	68
 466 01bd 0C        		.byte	12
 467 01be 50        		.byte	80
 468 01bf 50        		.byte	80
 469 01c0 50        		.byte	80
 470 01c1 3C        		.byte	60
 471 01c2 44        		.byte	68
 472 01c3 64        		.byte	100
 473 01c4 54        		.byte	84
 474 01c5 4C        		.byte	76
 475 01c6 44        		.byte	68
 476 01c7 00        		.byte	0
 477 01c8 08        		.byte	8
 478 01c9 36        		.byte	54
 479 01ca 41        		.byte	65
 480 01cb 41        		.byte	65
 481 01cc 00        		.byte	0
 482 01cd 00        		.byte	0
 483 01ce 7F        		.byte	127
 484 01cf 00        		.byte	0
 485 01d0 00        		.byte	0
 486 01d1 41        		.byte	65
 487 01d2 41        		.byte	65
 488 01d3 36        		.byte	54
 489 01d4 08        		.byte	8
 490 01d5 00        		.byte	0
 491 01d6 02        		.byte	2
 492 01d7 01        		.byte	1
 493 01d8 02        		.byte	2
 494 01d9 04        		.byte	4
 495 01da 02        		.byte	2
 496               		.text
 497               	.Letext0:
 498               		.section	.debug_info
 499 0000 9300 0000 		.long	0x93
 500 0004 0200      		.word	0x2
 501 0006 0000 0000 		.long	.Ldebug_abbrev0
 502 000a 04        		.byte	0x4
 503 000b 01        		.uleb128 0x1
 504 000c 0000 0000 		.long	.LASF7
 505 0010 01        		.byte	0x1
 506 0011 0000 0000 		.long	.LASF8
 507 0015 0000 0000 		.long	.LASF9
 508 0019 0000 0000 		.long	.Ltext0
 509 001d 0000 0000 		.long	.Letext0
 510 0021 0000 0000 		.long	.Ldebug_line0
 511 0025 02        		.uleb128 0x2
 512 0026 01        		.byte	0x1
 513 0027 06        		.byte	0x6
GAS LISTING C:\Users\Bazza\AppData\Local\Temp/cc6K9p5D.s 			page 10


 514 0028 0000 0000 		.long	.LASF0
 515 002c 03        		.uleb128 0x3
 516 002d 0000 0000 		.long	.LASF10
 517 0031 01        		.byte	0x1
 518 0032 7A        		.byte	0x7a
 519 0033 3700 0000 		.long	0x37
 520 0037 02        		.uleb128 0x2
 521 0038 01        		.byte	0x1
 522 0039 08        		.byte	0x8
 523 003a 0000 0000 		.long	.LASF1
 524 003e 04        		.uleb128 0x4
 525 003f 02        		.byte	0x2
 526 0040 05        		.byte	0x5
 527 0041 696E 7400 		.string	"int"
 528 0045 02        		.uleb128 0x2
 529 0046 02        		.byte	0x2
 530 0047 07        		.byte	0x7
 531 0048 0000 0000 		.long	.LASF2
 532 004c 02        		.uleb128 0x2
 533 004d 04        		.byte	0x4
 534 004e 05        		.byte	0x5
 535 004f 0000 0000 		.long	.LASF3
 536 0053 02        		.uleb128 0x2
 537 0054 04        		.byte	0x4
 538 0055 07        		.byte	0x7
 539 0056 0000 0000 		.long	.LASF4
 540 005a 02        		.uleb128 0x2
 541 005b 08        		.byte	0x8
 542 005c 05        		.byte	0x5
 543 005d 0000 0000 		.long	.LASF5
 544 0061 02        		.uleb128 0x2
 545 0062 08        		.byte	0x8
 546 0063 07        		.byte	0x7
 547 0064 0000 0000 		.long	.LASF6
 548 0068 05        		.uleb128 0x5
 549 0069 01        		.byte	0x1
 550 006a 08        		.byte	0x8
 551 006b 06        		.uleb128 0x6
 552 006c 2C00 0000 		.long	0x2c
 553 0070 7C00 0000 		.long	0x7c
 554 0074 07        		.uleb128 0x7
 555 0075 7C00 0000 		.long	0x7c
 556 0079 DA01      		.word	0x1da
 557 007b 00        		.byte	0x0
 558 007c 05        		.uleb128 0x5
 559 007d 02        		.byte	0x2
 560 007e 07        		.byte	0x7
 561 007f 08        		.uleb128 0x8
 562 0080 0000 0000 		.long	.LASF11
 563 0084 02        		.byte	0x2
 564 0085 0C        		.byte	0xc
 565 0086 9100 0000 		.long	0x91
 566 008a 01        		.byte	0x1
 567 008b 05        		.byte	0x5
 568 008c 03        		.byte	0x3
 569 008d 0000 0000 		.long	font5x7
 570 0091 09        		.uleb128 0x9
GAS LISTING C:\Users\Bazza\AppData\Local\Temp/cc6K9p5D.s 			page 11


 571 0092 6B00 0000 		.long	0x6b
 572 0096 00        		.byte	0x0
 573               		.section	.debug_abbrev
 574 0000 01        		.uleb128 0x1
 575 0001 11        		.uleb128 0x11
 576 0002 01        		.byte	0x1
 577 0003 25        		.uleb128 0x25
 578 0004 0E        		.uleb128 0xe
 579 0005 13        		.uleb128 0x13
 580 0006 0B        		.uleb128 0xb
 581 0007 03        		.uleb128 0x3
 582 0008 0E        		.uleb128 0xe
 583 0009 1B        		.uleb128 0x1b
 584 000a 0E        		.uleb128 0xe
 585 000b 11        		.uleb128 0x11
 586 000c 01        		.uleb128 0x1
 587 000d 12        		.uleb128 0x12
 588 000e 01        		.uleb128 0x1
 589 000f 10        		.uleb128 0x10
 590 0010 06        		.uleb128 0x6
 591 0011 00        		.byte	0x0
 592 0012 00        		.byte	0x0
 593 0013 02        		.uleb128 0x2
 594 0014 24        		.uleb128 0x24
 595 0015 00        		.byte	0x0
 596 0016 0B        		.uleb128 0xb
 597 0017 0B        		.uleb128 0xb
 598 0018 3E        		.uleb128 0x3e
 599 0019 0B        		.uleb128 0xb
 600 001a 03        		.uleb128 0x3
 601 001b 0E        		.uleb128 0xe
 602 001c 00        		.byte	0x0
 603 001d 00        		.byte	0x0
 604 001e 03        		.uleb128 0x3
 605 001f 16        		.uleb128 0x16
 606 0020 00        		.byte	0x0
 607 0021 03        		.uleb128 0x3
 608 0022 0E        		.uleb128 0xe
 609 0023 3A        		.uleb128 0x3a
 610 0024 0B        		.uleb128 0xb
 611 0025 3B        		.uleb128 0x3b
 612 0026 0B        		.uleb128 0xb
 613 0027 49        		.uleb128 0x49
 614 0028 13        		.uleb128 0x13
 615 0029 00        		.byte	0x0
 616 002a 00        		.byte	0x0
 617 002b 04        		.uleb128 0x4
 618 002c 24        		.uleb128 0x24
 619 002d 00        		.byte	0x0
 620 002e 0B        		.uleb128 0xb
 621 002f 0B        		.uleb128 0xb
 622 0030 3E        		.uleb128 0x3e
 623 0031 0B        		.uleb128 0xb
 624 0032 03        		.uleb128 0x3
 625 0033 08        		.uleb128 0x8
 626 0034 00        		.byte	0x0
 627 0035 00        		.byte	0x0
GAS LISTING C:\Users\Bazza\AppData\Local\Temp/cc6K9p5D.s 			page 12


 628 0036 05        		.uleb128 0x5
 629 0037 24        		.uleb128 0x24
 630 0038 00        		.byte	0x0
 631 0039 0B        		.uleb128 0xb
 632 003a 0B        		.uleb128 0xb
 633 003b 3E        		.uleb128 0x3e
 634 003c 0B        		.uleb128 0xb
 635 003d 00        		.byte	0x0
 636 003e 00        		.byte	0x0
 637 003f 06        		.uleb128 0x6
 638 0040 01        		.uleb128 0x1
 639 0041 01        		.byte	0x1
 640 0042 49        		.uleb128 0x49
 641 0043 13        		.uleb128 0x13
 642 0044 01        		.uleb128 0x1
 643 0045 13        		.uleb128 0x13
 644 0046 00        		.byte	0x0
 645 0047 00        		.byte	0x0
 646 0048 07        		.uleb128 0x7
 647 0049 21        		.uleb128 0x21
 648 004a 00        		.byte	0x0
 649 004b 49        		.uleb128 0x49
 650 004c 13        		.uleb128 0x13
 651 004d 2F        		.uleb128 0x2f
 652 004e 05        		.uleb128 0x5
 653 004f 00        		.byte	0x0
 654 0050 00        		.byte	0x0
 655 0051 08        		.uleb128 0x8
 656 0052 34        		.uleb128 0x34
 657 0053 00        		.byte	0x0
 658 0054 03        		.uleb128 0x3
 659 0055 0E        		.uleb128 0xe
 660 0056 3A        		.uleb128 0x3a
 661 0057 0B        		.uleb128 0xb
 662 0058 3B        		.uleb128 0x3b
 663 0059 0B        		.uleb128 0xb
 664 005a 49        		.uleb128 0x49
 665 005b 13        		.uleb128 0x13
 666 005c 3F        		.uleb128 0x3f
 667 005d 0C        		.uleb128 0xc
 668 005e 02        		.uleb128 0x2
 669 005f 0A        		.uleb128 0xa
 670 0060 00        		.byte	0x0
 671 0061 00        		.byte	0x0
 672 0062 09        		.uleb128 0x9
 673 0063 26        		.uleb128 0x26
 674 0064 00        		.byte	0x0
 675 0065 49        		.uleb128 0x49
 676 0066 13        		.uleb128 0x13
 677 0067 00        		.byte	0x0
 678 0068 00        		.byte	0x0
 679 0069 00        		.byte	0x0
 680               		.section	.debug_pubnames,"",@progbits
 681 0000 1A00 0000 		.long	0x1a
 682 0004 0200      		.word	0x2
 683 0006 0000 0000 		.long	.Ldebug_info0
 684 000a 9700 0000 		.long	0x97
GAS LISTING C:\Users\Bazza\AppData\Local\Temp/cc6K9p5D.s 			page 13


 685 000e 7F00 0000 		.long	0x7f
 686 0012 666F 6E74 		.string	"font5x7"
 686      3578 3700 
 687 001a 0000 0000 		.long	0x0
 688               		.section	.debug_line
 689 0000 6300 0000 		.long	.LELT0-.LSLT0
 690               	.LSLT0:
 691 0004 0200      		.word	0x2
 692 0006 5300 0000 		.long	.LELTP0-.LASLTP0
 693               	.LASLTP0:
 694 000a 01        		.byte	0x1
 695 000b 01        		.byte	0x1
 696 000c F6        		.byte	0xf6
 697 000d F5        		.byte	0xf5
 698 000e 0A        		.byte	0xa
 699 000f 00        		.byte	0x0
 700 0010 01        		.byte	0x1
 701 0011 01        		.byte	0x1
 702 0012 01        		.byte	0x1
 703 0013 01        		.byte	0x1
 704 0014 00        		.byte	0x0
 705 0015 00        		.byte	0x0
 706 0016 00        		.byte	0x0
 707 0017 01        		.byte	0x1
 708 0018 633A 2F77 		.ascii	"c:/winavr-20100110/lib/gcc/../../avr/include"
 708      696E 6176 
 708      722D 3230 
 708      3130 3031 
 708      3130 2F6C 
 709 0044 00        		.byte	0
 710 0045 00        		.byte	0x0
 711 0046 7374 6469 		.string	"stdint.h"
 711      6E74 2E68 
 711      00
 712 004f 01        		.uleb128 0x1
 713 0050 00        		.uleb128 0x0
 714 0051 00        		.uleb128 0x0
 715 0052 666F 6E74 		.string	"font.c"
 715      2E63 00
 716 0059 00        		.uleb128 0x0
 717 005a 00        		.uleb128 0x0
 718 005b 00        		.uleb128 0x0
 719 005c 00        		.byte	0x0
 720               	.LELTP0:
 721 005d 00        		.byte	0x0
 722 005e 05        		.uleb128 0x5
 723 005f 02        		.byte	0x2
 724 0060 0000 0000 		.long	.Letext0
 725 0064 00        		.byte	0x0
 726 0065 01        		.uleb128 0x1
 727 0066 01        		.byte	0x1
 728               	.LELT0:
 729 0067 1600 0000 		.section	.debug_str,"MS",@progbits,1
 729      0200 1000 
 729      0000 0101 
 729      FB0E 0A00 
 729      0101 0101 
GAS LISTING C:\Users\Bazza\AppData\Local\Temp/cc6K9p5D.s 			page 14


 730               	.LASF2:
 731 0000 756E 7369 		.string	"unsigned int"
 731      676E 6564 
 731      2069 6E74 
 731      00
 732               	.LASF10:
 733 000d 7569 6E74 		.string	"uint8_t"
 733      385F 7400 
 734               	.LASF4:
 735 0015 6C6F 6E67 		.string	"long unsigned int"
 735      2075 6E73 
 735      6967 6E65 
 735      6420 696E 
 735      7400 
 736               	.LASF7:
 737 0027 474E 5520 		.string	"GNU C 4.3.3"
 737      4320 342E 
 737      332E 3300 
 738               	.LASF0:
 739 0033 7369 676E 		.string	"signed char"
 739      6564 2063 
 739      6861 7200 
 740               	.LASF8:
 741 003f 666F 6E74 		.string	"font.c"
 741      2E63 00
 742               	.LASF6:
 743 0046 6C6F 6E67 		.string	"long long unsigned int"
 743      206C 6F6E 
 743      6720 756E 
 743      7369 676E 
 743      6564 2069 
 744               	.LASF11:
 745 005d 666F 6E74 		.string	"font5x7"
 745      3578 3700 
 746               	.LASF1:
 747 0065 756E 7369 		.string	"unsigned char"
 747      676E 6564 
 747      2063 6861 
 747      7200 
 748               	.LASF3:
 749 0073 6C6F 6E67 		.string	"long int"
 749      2069 6E74 
 749      00
 750               	.LASF9:
 751 007c 433A 5C55 		.string	"C:\\Users\\Bazza\\git\\avr-snake\\lcdlib"
 751      7365 7273 
 751      5C42 617A 
 751      7A61 5C67 
 751      6974 5C61 
 752               	.LASF5:
 753 00a0 6C6F 6E67 		.string	"long long int"
 753      206C 6F6E 
 753      6720 696E 
 753      7400 
GAS LISTING C:\Users\Bazza\AppData\Local\Temp/cc6K9p5D.s 			page 15


DEFINED SYMBOLS
                            *ABS*:00000000 font.c
C:\Users\Bazza\AppData\Local\Temp/cc6K9p5D.s:2      *ABS*:0000003f __SREG__
C:\Users\Bazza\AppData\Local\Temp/cc6K9p5D.s:3      *ABS*:0000003e __SP_H__
C:\Users\Bazza\AppData\Local\Temp/cc6K9p5D.s:4      *ABS*:0000003d __SP_L__
C:\Users\Bazza\AppData\Local\Temp/cc6K9p5D.s:5      *ABS*:00000034 __CCP__
C:\Users\Bazza\AppData\Local\Temp/cc6K9p5D.s:6      *ABS*:00000000 __tmp_reg__
C:\Users\Bazza\AppData\Local\Temp/cc6K9p5D.s:7      *ABS*:00000001 __zero_reg__
C:\Users\Bazza\AppData\Local\Temp/cc6K9p5D.s:20     .progmem.data:00000000 font5x7

NO UNDEFINED SYMBOLS
